<?xml version="1.0" encoding="UTF-8"?>
<testsuite xmlns:xsi="http://www.w3.org/2001/XMLSchema-instance" xsi:noNamespaceSchemaLocation="https://maven.apache.org/surefire/maven-surefire-plugin/xsd/surefire-test-report.xsd" name="za.co.wethinkcode.jeenyuhs.acceptanceTest.websocketsTests.websocketsTests" time="21.083" tests="3" errors="0" skipped="0" failures="0">
  <properties>
    <property name="sun.desktop" value="gnome"/>
    <property name="awt.toolkit" value="sun.awt.X11.XToolkit"/>
    <property name="java.specification.version" value="11"/>
    <property name="sun.cpu.isalist" value=""/>
    <property name="sun.jnu.encoding" value="UTF-8"/>
    <property name="java.class.path" value="/home/zinon/programming/wethinkcode/jeenyuhs/jeenjuhs/target/test-classes:/home/zinon/programming/wethinkcode/jeenyuhs/jeenjuhs/target/classes:/home/zinon/.m2/repository/io/javalin/javalin/4.3.0/javalin-4.3.0.jar:/home/zinon/.m2/repository/org/slf4j/slf4j-api/1.7.31/slf4j-api-1.7.31.jar:/home/zinon/.m2/repository/org/eclipse/jetty/jetty-server/9.4.44.v20210927/jetty-server-9.4.44.v20210927.jar:/home/zinon/.m2/repository/javax/servlet/javax.servlet-api/3.1.0/javax.servlet-api-3.1.0.jar:/home/zinon/.m2/repository/org/eclipse/jetty/jetty-http/9.4.44.v20210927/jetty-http-9.4.44.v20210927.jar:/home/zinon/.m2/repository/org/eclipse/jetty/jetty-util/9.4.44.v20210927/jetty-util-9.4.44.v20210927.jar:/home/zinon/.m2/repository/org/eclipse/jetty/jetty-io/9.4.44.v20210927/jetty-io-9.4.44.v20210927.jar:/home/zinon/.m2/repository/org/eclipse/jetty/jetty-webapp/9.4.44.v20210927/jetty-webapp-9.4.44.v20210927.jar:/home/zinon/.m2/repository/org/eclipse/jetty/jetty-xml/9.4.44.v20210927/jetty-xml-9.4.44.v20210927.jar:/home/zinon/.m2/repository/org/eclipse/jetty/jetty-servlet/9.4.44.v20210927/jetty-servlet-9.4.44.v20210927.jar:/home/zinon/.m2/repository/org/eclipse/jetty/jetty-security/9.4.44.v20210927/jetty-security-9.4.44.v20210927.jar:/home/zinon/.m2/repository/org/eclipse/jetty/jetty-util-ajax/9.4.44.v20210927/jetty-util-ajax-9.4.44.v20210927.jar:/home/zinon/.m2/repository/org/eclipse/jetty/websocket/websocket-server/9.4.44.v20210927/websocket-server-9.4.44.v20210927.jar:/home/zinon/.m2/repository/org/eclipse/jetty/websocket/websocket-common/9.4.44.v20210927/websocket-common-9.4.44.v20210927.jar:/home/zinon/.m2/repository/org/eclipse/jetty/websocket/websocket-api/9.4.44.v20210927/websocket-api-9.4.44.v20210927.jar:/home/zinon/.m2/repository/org/eclipse/jetty/websocket/websocket-client/9.4.44.v20210927/websocket-client-9.4.44.v20210927.jar:/home/zinon/.m2/repository/org/eclipse/jetty/jetty-client/9.4.44.v20210927/jetty-client-9.4.44.v20210927.jar:/home/zinon/.m2/repository/org/eclipse/jetty/websocket/websocket-servlet/9.4.44.v20210927/websocket-servlet-9.4.44.v20210927.jar:/home/zinon/.m2/repository/org/jetbrains/kotlin/kotlin-stdlib-jdk8/1.5.31/kotlin-stdlib-jdk8-1.5.31.jar:/home/zinon/.m2/repository/org/jetbrains/kotlin/kotlin-stdlib/1.5.31/kotlin-stdlib-1.5.31.jar:/home/zinon/.m2/repository/org/jetbrains/annotations/13.0/annotations-13.0.jar:/home/zinon/.m2/repository/org/jetbrains/kotlin/kotlin-stdlib-common/1.5.31/kotlin-stdlib-common-1.5.31.jar:/home/zinon/.m2/repository/org/jetbrains/kotlin/kotlin-stdlib-jdk7/1.5.31/kotlin-stdlib-jdk7-1.5.31.jar:/home/zinon/.m2/repository/io/javalin/javalin-openapi/4.3.0/javalin-openapi-4.3.0.jar:/home/zinon/.m2/repository/com/fasterxml/jackson/module/jackson-module-kotlin/2.12.4/jackson-module-kotlin-2.12.4.jar:/home/zinon/.m2/repository/org/jetbrains/kotlin/kotlin-reflect/1.4.21/kotlin-reflect-1.4.21.jar:/home/zinon/.m2/repository/io/swagger/core/v3/swagger-models/2.1.10/swagger-models-2.1.10.jar:/home/zinon/.m2/repository/io/swagger/parser/v3/swagger-parser/2.0.27/swagger-parser-2.0.27.jar:/home/zinon/.m2/repository/io/swagger/parser/v3/swagger-parser-v2-converter/2.0.27/swagger-parser-v2-converter-2.0.27.jar:/home/zinon/.m2/repository/io/swagger/swagger-core/1.6.2/swagger-core-1.6.2.jar:/home/zinon/.m2/repository/io/swagger/swagger-models/1.6.2/swagger-models-1.6.2.jar:/home/zinon/.m2/repository/io/swagger/swagger-annotations/1.6.2/swagger-annotations-1.6.2.jar:/home/zinon/.m2/repository/com/google/guava/guava/27.0.1-android/guava-27.0.1-android.jar:/home/zinon/.m2/repository/com/google/guava/failureaccess/1.0.1/failureaccess-1.0.1.jar:/home/zinon/.m2/repository/com/google/guava/listenablefuture/9999.0-empty-to-avoid-conflict-with-guava/listenablefuture-9999.0-empty-to-avoid-conflict-with-guava.jar:/home/zinon/.m2/repository/com/google/code/findbugs/jsr305/3.0.2/jsr305-3.0.2.jar:/home/zinon/.m2/repository/org/checkerframework/checker-compat-qual/2.5.2/checker-compat-qual-2.5.2.jar:/home/zinon/.m2/repository/com/google/errorprone/error_prone_annotations/2.2.0/error_prone_annotations-2.2.0.jar:/home/zinon/.m2/repository/com/google/j2objc/j2objc-annotations/1.1/j2objc-annotations-1.1.jar:/home/zinon/.m2/repository/org/codehaus/mojo/animal-sniffer-annotations/1.17/animal-sniffer-annotations-1.17.jar:/home/zinon/.m2/repository/io/swagger/swagger-parser/1.0.55/swagger-parser-1.0.55.jar:/home/zinon/.m2/repository/io/swagger/swagger-compat-spec-parser/1.0.55/swagger-compat-spec-parser-1.0.55.jar:/home/zinon/.m2/repository/com/github/java-json-tools/json-schema-validator/2.2.14/json-schema-validator-2.2.14.jar:/home/zinon/.m2/repository/com/github/java-json-tools/jackson-coreutils-equivalence/1.0/jackson-coreutils-equivalence-1.0.jar:/home/zinon/.m2/repository/com/github/java-json-tools/json-schema-core/1.2.14/json-schema-core-1.2.14.jar:/home/zinon/.m2/repository/com/github/java-json-tools/uri-template/0.10/uri-template-0.10.jar:/home/zinon/.m2/repository/org/mozilla/rhino/1.7.7.2/rhino-1.7.7.2.jar:/home/zinon/.m2/repository/com/sun/mail/mailapi/1.6.2/mailapi-1.6.2.jar:/home/zinon/.m2/repository/joda-time/joda-time/2.10.5/joda-time-2.10.5.jar:/home/zinon/.m2/repository/com/googlecode/libphonenumber/libphonenumber/8.11.1/libphonenumber-8.11.1.jar:/home/zinon/.m2/repository/net/sf/jopt-simple/jopt-simple/5.0.4/jopt-simple-5.0.4.jar:/home/zinon/.m2/repository/com/github/java-json-tools/json-patch/1.13/json-patch-1.13.jar:/home/zinon/.m2/repository/com/github/java-json-tools/msg-simple/1.2/msg-simple-1.2.jar:/home/zinon/.m2/repository/com/github/java-json-tools/btf/1.3/btf-1.3.jar:/home/zinon/.m2/repository/com/github/java-json-tools/jackson-coreutils/2.0/jackson-coreutils-2.0.jar:/home/zinon/.m2/repository/org/apache/httpcomponents/httpclient/4.5.2/httpclient-4.5.2.jar:/home/zinon/.m2/repository/org/apache/httpcomponents/httpcore/4.4.4/httpcore-4.4.4.jar:/home/zinon/.m2/repository/commons-logging/commons-logging/1.2/commons-logging-1.2.jar:/home/zinon/.m2/repository/commons-codec/commons-codec/1.9/commons-codec-1.9.jar:/home/zinon/.m2/repository/io/swagger/parser/v3/swagger-parser-core/2.0.27/swagger-parser-core-2.0.27.jar:/home/zinon/.m2/repository/io/swagger/parser/v3/swagger-parser-v3/2.0.27/swagger-parser-v3-2.0.27.jar:/home/zinon/.m2/repository/com/fasterxml/jackson/dataformat/jackson-dataformat-yaml/2.12.1/jackson-dataformat-yaml-2.12.1.jar:/home/zinon/.m2/repository/org/yaml/snakeyaml/1.27/snakeyaml-1.27.jar:/home/zinon/.m2/repository/commons-io/commons-io/2.6/commons-io-2.6.jar:/home/zinon/.m2/repository/org/webjars/npm/redoc/2.0.0-rc.45/redoc-2.0.0-rc.45.jar:/home/zinon/.m2/repository/org/webjars/swagger-ui/3.43.0/swagger-ui-3.43.0.jar:/home/zinon/.m2/repository/io/github/classgraph/classgraph/4.8.102/classgraph-4.8.102.jar:/home/zinon/.m2/repository/cc/vileda/kotlin-openapi3-dsl/1.0.0/kotlin-openapi3-dsl-1.0.0.jar:/home/zinon/.m2/repository/io/swagger/core/v3/swagger-core/2.1.4/swagger-core-2.1.4.jar:/home/zinon/.m2/repository/jakarta/xml/bind/jakarta.xml.bind-api/2.3.2/jakarta.xml.bind-api-2.3.2.jar:/home/zinon/.m2/repository/jakarta/activation/jakarta.activation-api/1.2.1/jakarta.activation-api-1.2.1.jar:/home/zinon/.m2/repository/org/apache/commons/commons-lang3/3.7/commons-lang3-3.7.jar:/home/zinon/.m2/repository/com/fasterxml/jackson/datatype/jackson-datatype-jsr310/2.11.1/jackson-datatype-jsr310-2.11.1.jar:/home/zinon/.m2/repository/io/swagger/core/v3/swagger-annotations/2.1.4/swagger-annotations-2.1.4.jar:/home/zinon/.m2/repository/jakarta/validation/jakarta.validation-api/2.0.2/jakarta.validation-api-2.0.2.jar:/home/zinon/.m2/repository/com/fasterxml/jackson/module/jackson-module-jsonSchema/2.11.2/jackson-module-jsonSchema-2.11.2.jar:/home/zinon/.m2/repository/javax/validation/validation-api/1.1.0.Final/validation-api-1.1.0.Final.jar:/home/zinon/.m2/repository/com/fasterxml/jackson/datatype/jackson-datatype-json-org/2.11.2/jackson-datatype-json-org-2.11.2.jar:/home/zinon/.m2/repository/org/json/json/20190722/json-20190722.jar:/home/zinon/.m2/repository/com/reprezen/kaizen/openapi-parser/4.0.4/openapi-parser-4.0.4.jar:/home/zinon/.m2/repository/com/reprezen/jsonoverlay/jsonoverlay/4.0.4/jsonoverlay-4.0.4.jar:/home/zinon/.m2/repository/javax/mail/javax.mail-api/1.6.1/javax.mail-api-1.6.1.jar:/home/zinon/.m2/repository/javax/activation/activation/1.1/activation-1.1.jar:/home/zinon/.m2/repository/com/sun/mail/javax.mail/1.6.1/javax.mail-1.6.1.jar:/home/zinon/.m2/repository/org/slf4j/slf4j-simple/1.7.35/slf4j-simple-1.7.35.jar:/home/zinon/.m2/repository/com/fasterxml/jackson/core/jackson-core/2.13.1/jackson-core-2.13.1.jar:/home/zinon/.m2/repository/com/fasterxml/jackson/core/jackson-databind/2.13.0/jackson-databind-2.13.0.jar:/home/zinon/.m2/repository/com/fasterxml/jackson/core/jackson-annotations/2.13.0/jackson-annotations-2.13.0.jar:/home/zinon/.m2/repository/com/konghq/unirest-java/4.0.0-RC1/unirest-java-4.0.0-RC1.jar:/home/zinon/.m2/repository/com/google/code/gson/gson/2.8.6/gson-2.8.6.jar:/home/zinon/.m2/repository/net/lemnik/eodsql/2.2/eodsql-2.2.jar:/home/zinon/.m2/repository/org/xerial/sqlite-jdbc/3.36.0.3/sqlite-jdbc-3.36.0.3.jar:/home/zinon/.m2/repository/junit/junit/4.8.1/junit-4.8.1.jar:/home/zinon/.m2/repository/org/junit/jupiter/junit-jupiter-api/5.8.2/junit-jupiter-api-5.8.2.jar:/home/zinon/.m2/repository/org/opentest4j/opentest4j/1.2.0/opentest4j-1.2.0.jar:/home/zinon/.m2/repository/org/junit/platform/junit-platform-commons/1.8.2/junit-platform-commons-1.8.2.jar:/home/zinon/.m2/repository/org/apiguardian/apiguardian-api/1.1.2/apiguardian-api-1.1.2.jar:/home/zinon/.m2/repository/org/junit/platform/junit-platform-launcher/1.6.3/junit-platform-launcher-1.6.3.jar:/home/zinon/.m2/repository/org/junit/platform/junit-platform-engine/1.6.3/junit-platform-engine-1.6.3.jar:/home/zinon/.m2/repository/org/junit/jupiter/junit-jupiter-engine/5.6.3/junit-jupiter-engine-5.6.3.jar:"/>
    <property name="java.vm.vendor" value="Oracle Corporation"/>
    <property name="sun.arch.data.model" value="64"/>
    <property name="java.vendor.url" value="https://openjdk.java.net/"/>
    <property name="user.timezone" value=""/>
    <property name="java.vm.specification.version" value="11"/>
    <property name="os.name" value="Linux"/>
    <property name="sun.java.launcher" value="SUN_STANDARD"/>
    <property name="user.country" value="ZA"/>
    <property name="sun.boot.library.path" value="/home/zinon/.sdkman/candidates/java/11.0.12-open/lib"/>
    <property name="sun.java.command" value="/home/zinon/programming/wethinkcode/jeenyuhs/jeenjuhs/target/surefire/surefirebooter2752554444505482210.jar /home/zinon/programming/wethinkcode/jeenyuhs/jeenjuhs/target/surefire 2022-03-29T11-56-58_509-jvmRun1 surefire8415780486944064275tmp surefire_03225805052750375545tmp"/>
    <property name="jdk.debug" value="release"/>
    <property name="test" value="websocketsTests"/>
    <property name="surefire.test.class.path" value="/home/zinon/programming/wethinkcode/jeenyuhs/jeenjuhs/target/test-classes:/home/zinon/programming/wethinkcode/jeenyuhs/jeenjuhs/target/classes:/home/zinon/.m2/repository/io/javalin/javalin/4.3.0/javalin-4.3.0.jar:/home/zinon/.m2/repository/org/slf4j/slf4j-api/1.7.31/slf4j-api-1.7.31.jar:/home/zinon/.m2/repository/org/eclipse/jetty/jetty-server/9.4.44.v20210927/jetty-server-9.4.44.v20210927.jar:/home/zinon/.m2/repository/javax/servlet/javax.servlet-api/3.1.0/javax.servlet-api-3.1.0.jar:/home/zinon/.m2/repository/org/eclipse/jetty/jetty-http/9.4.44.v20210927/jetty-http-9.4.44.v20210927.jar:/home/zinon/.m2/repository/org/eclipse/jetty/jetty-util/9.4.44.v20210927/jetty-util-9.4.44.v20210927.jar:/home/zinon/.m2/repository/org/eclipse/jetty/jetty-io/9.4.44.v20210927/jetty-io-9.4.44.v20210927.jar:/home/zinon/.m2/repository/org/eclipse/jetty/jetty-webapp/9.4.44.v20210927/jetty-webapp-9.4.44.v20210927.jar:/home/zinon/.m2/repository/org/eclipse/jetty/jetty-xml/9.4.44.v20210927/jetty-xml-9.4.44.v20210927.jar:/home/zinon/.m2/repository/org/eclipse/jetty/jetty-servlet/9.4.44.v20210927/jetty-servlet-9.4.44.v20210927.jar:/home/zinon/.m2/repository/org/eclipse/jetty/jetty-security/9.4.44.v20210927/jetty-security-9.4.44.v20210927.jar:/home/zinon/.m2/repository/org/eclipse/jetty/jetty-util-ajax/9.4.44.v20210927/jetty-util-ajax-9.4.44.v20210927.jar:/home/zinon/.m2/repository/org/eclipse/jetty/websocket/websocket-server/9.4.44.v20210927/websocket-server-9.4.44.v20210927.jar:/home/zinon/.m2/repository/org/eclipse/jetty/websocket/websocket-common/9.4.44.v20210927/websocket-common-9.4.44.v20210927.jar:/home/zinon/.m2/repository/org/eclipse/jetty/websocket/websocket-api/9.4.44.v20210927/websocket-api-9.4.44.v20210927.jar:/home/zinon/.m2/repository/org/eclipse/jetty/websocket/websocket-client/9.4.44.v20210927/websocket-client-9.4.44.v20210927.jar:/home/zinon/.m2/repository/org/eclipse/jetty/jetty-client/9.4.44.v20210927/jetty-client-9.4.44.v20210927.jar:/home/zinon/.m2/repository/org/eclipse/jetty/websocket/websocket-servlet/9.4.44.v20210927/websocket-servlet-9.4.44.v20210927.jar:/home/zinon/.m2/repository/org/jetbrains/kotlin/kotlin-stdlib-jdk8/1.5.31/kotlin-stdlib-jdk8-1.5.31.jar:/home/zinon/.m2/repository/org/jetbrains/kotlin/kotlin-stdlib/1.5.31/kotlin-stdlib-1.5.31.jar:/home/zinon/.m2/repository/org/jetbrains/annotations/13.0/annotations-13.0.jar:/home/zinon/.m2/repository/org/jetbrains/kotlin/kotlin-stdlib-common/1.5.31/kotlin-stdlib-common-1.5.31.jar:/home/zinon/.m2/repository/org/jetbrains/kotlin/kotlin-stdlib-jdk7/1.5.31/kotlin-stdlib-jdk7-1.5.31.jar:/home/zinon/.m2/repository/io/javalin/javalin-openapi/4.3.0/javalin-openapi-4.3.0.jar:/home/zinon/.m2/repository/com/fasterxml/jackson/module/jackson-module-kotlin/2.12.4/jackson-module-kotlin-2.12.4.jar:/home/zinon/.m2/repository/org/jetbrains/kotlin/kotlin-reflect/1.4.21/kotlin-reflect-1.4.21.jar:/home/zinon/.m2/repository/io/swagger/core/v3/swagger-models/2.1.10/swagger-models-2.1.10.jar:/home/zinon/.m2/repository/io/swagger/parser/v3/swagger-parser/2.0.27/swagger-parser-2.0.27.jar:/home/zinon/.m2/repository/io/swagger/parser/v3/swagger-parser-v2-converter/2.0.27/swagger-parser-v2-converter-2.0.27.jar:/home/zinon/.m2/repository/io/swagger/swagger-core/1.6.2/swagger-core-1.6.2.jar:/home/zinon/.m2/repository/io/swagger/swagger-models/1.6.2/swagger-models-1.6.2.jar:/home/zinon/.m2/repository/io/swagger/swagger-annotations/1.6.2/swagger-annotations-1.6.2.jar:/home/zinon/.m2/repository/com/google/guava/guava/27.0.1-android/guava-27.0.1-android.jar:/home/zinon/.m2/repository/com/google/guava/failureaccess/1.0.1/failureaccess-1.0.1.jar:/home/zinon/.m2/repository/com/google/guava/listenablefuture/9999.0-empty-to-avoid-conflict-with-guava/listenablefuture-9999.0-empty-to-avoid-conflict-with-guava.jar:/home/zinon/.m2/repository/com/google/code/findbugs/jsr305/3.0.2/jsr305-3.0.2.jar:/home/zinon/.m2/repository/org/checkerframework/checker-compat-qual/2.5.2/checker-compat-qual-2.5.2.jar:/home/zinon/.m2/repository/com/google/errorprone/error_prone_annotations/2.2.0/error_prone_annotations-2.2.0.jar:/home/zinon/.m2/repository/com/google/j2objc/j2objc-annotations/1.1/j2objc-annotations-1.1.jar:/home/zinon/.m2/repository/org/codehaus/mojo/animal-sniffer-annotations/1.17/animal-sniffer-annotations-1.17.jar:/home/zinon/.m2/repository/io/swagger/swagger-parser/1.0.55/swagger-parser-1.0.55.jar:/home/zinon/.m2/repository/io/swagger/swagger-compat-spec-parser/1.0.55/swagger-compat-spec-parser-1.0.55.jar:/home/zinon/.m2/repository/com/github/java-json-tools/json-schema-validator/2.2.14/json-schema-validator-2.2.14.jar:/home/zinon/.m2/repository/com/github/java-json-tools/jackson-coreutils-equivalence/1.0/jackson-coreutils-equivalence-1.0.jar:/home/zinon/.m2/repository/com/github/java-json-tools/json-schema-core/1.2.14/json-schema-core-1.2.14.jar:/home/zinon/.m2/repository/com/github/java-json-tools/uri-template/0.10/uri-template-0.10.jar:/home/zinon/.m2/repository/org/mozilla/rhino/1.7.7.2/rhino-1.7.7.2.jar:/home/zinon/.m2/repository/com/sun/mail/mailapi/1.6.2/mailapi-1.6.2.jar:/home/zinon/.m2/repository/joda-time/joda-time/2.10.5/joda-time-2.10.5.jar:/home/zinon/.m2/repository/com/googlecode/libphonenumber/libphonenumber/8.11.1/libphonenumber-8.11.1.jar:/home/zinon/.m2/repository/net/sf/jopt-simple/jopt-simple/5.0.4/jopt-simple-5.0.4.jar:/home/zinon/.m2/repository/com/github/java-json-tools/json-patch/1.13/json-patch-1.13.jar:/home/zinon/.m2/repository/com/github/java-json-tools/msg-simple/1.2/msg-simple-1.2.jar:/home/zinon/.m2/repository/com/github/java-json-tools/btf/1.3/btf-1.3.jar:/home/zinon/.m2/repository/com/github/java-json-tools/jackson-coreutils/2.0/jackson-coreutils-2.0.jar:/home/zinon/.m2/repository/org/apache/httpcomponents/httpclient/4.5.2/httpclient-4.5.2.jar:/home/zinon/.m2/repository/org/apache/httpcomponents/httpcore/4.4.4/httpcore-4.4.4.jar:/home/zinon/.m2/repository/commons-logging/commons-logging/1.2/commons-logging-1.2.jar:/home/zinon/.m2/repository/commons-codec/commons-codec/1.9/commons-codec-1.9.jar:/home/zinon/.m2/repository/io/swagger/parser/v3/swagger-parser-core/2.0.27/swagger-parser-core-2.0.27.jar:/home/zinon/.m2/repository/io/swagger/parser/v3/swagger-parser-v3/2.0.27/swagger-parser-v3-2.0.27.jar:/home/zinon/.m2/repository/com/fasterxml/jackson/dataformat/jackson-dataformat-yaml/2.12.1/jackson-dataformat-yaml-2.12.1.jar:/home/zinon/.m2/repository/org/yaml/snakeyaml/1.27/snakeyaml-1.27.jar:/home/zinon/.m2/repository/commons-io/commons-io/2.6/commons-io-2.6.jar:/home/zinon/.m2/repository/org/webjars/npm/redoc/2.0.0-rc.45/redoc-2.0.0-rc.45.jar:/home/zinon/.m2/repository/org/webjars/swagger-ui/3.43.0/swagger-ui-3.43.0.jar:/home/zinon/.m2/repository/io/github/classgraph/classgraph/4.8.102/classgraph-4.8.102.jar:/home/zinon/.m2/repository/cc/vileda/kotlin-openapi3-dsl/1.0.0/kotlin-openapi3-dsl-1.0.0.jar:/home/zinon/.m2/repository/io/swagger/core/v3/swagger-core/2.1.4/swagger-core-2.1.4.jar:/home/zinon/.m2/repository/jakarta/xml/bind/jakarta.xml.bind-api/2.3.2/jakarta.xml.bind-api-2.3.2.jar:/home/zinon/.m2/repository/jakarta/activation/jakarta.activation-api/1.2.1/jakarta.activation-api-1.2.1.jar:/home/zinon/.m2/repository/org/apache/commons/commons-lang3/3.7/commons-lang3-3.7.jar:/home/zinon/.m2/repository/com/fasterxml/jackson/datatype/jackson-datatype-jsr310/2.11.1/jackson-datatype-jsr310-2.11.1.jar:/home/zinon/.m2/repository/io/swagger/core/v3/swagger-annotations/2.1.4/swagger-annotations-2.1.4.jar:/home/zinon/.m2/repository/jakarta/validation/jakarta.validation-api/2.0.2/jakarta.validation-api-2.0.2.jar:/home/zinon/.m2/repository/com/fasterxml/jackson/module/jackson-module-jsonSchema/2.11.2/jackson-module-jsonSchema-2.11.2.jar:/home/zinon/.m2/repository/javax/validation/validation-api/1.1.0.Final/validation-api-1.1.0.Final.jar:/home/zinon/.m2/repository/com/fasterxml/jackson/datatype/jackson-datatype-json-org/2.11.2/jackson-datatype-json-org-2.11.2.jar:/home/zinon/.m2/repository/org/json/json/20190722/json-20190722.jar:/home/zinon/.m2/repository/com/reprezen/kaizen/openapi-parser/4.0.4/openapi-parser-4.0.4.jar:/home/zinon/.m2/repository/com/reprezen/jsonoverlay/jsonoverlay/4.0.4/jsonoverlay-4.0.4.jar:/home/zinon/.m2/repository/javax/mail/javax.mail-api/1.6.1/javax.mail-api-1.6.1.jar:/home/zinon/.m2/repository/javax/activation/activation/1.1/activation-1.1.jar:/home/zinon/.m2/repository/com/sun/mail/javax.mail/1.6.1/javax.mail-1.6.1.jar:/home/zinon/.m2/repository/org/slf4j/slf4j-simple/1.7.35/slf4j-simple-1.7.35.jar:/home/zinon/.m2/repository/com/fasterxml/jackson/core/jackson-core/2.13.1/jackson-core-2.13.1.jar:/home/zinon/.m2/repository/com/fasterxml/jackson/core/jackson-databind/2.13.0/jackson-databind-2.13.0.jar:/home/zinon/.m2/repository/com/fasterxml/jackson/core/jackson-annotations/2.13.0/jackson-annotations-2.13.0.jar:/home/zinon/.m2/repository/com/konghq/unirest-java/4.0.0-RC1/unirest-java-4.0.0-RC1.jar:/home/zinon/.m2/repository/com/google/code/gson/gson/2.8.6/gson-2.8.6.jar:/home/zinon/.m2/repository/net/lemnik/eodsql/2.2/eodsql-2.2.jar:/home/zinon/.m2/repository/org/xerial/sqlite-jdbc/3.36.0.3/sqlite-jdbc-3.36.0.3.jar:/home/zinon/.m2/repository/junit/junit/4.8.1/junit-4.8.1.jar:/home/zinon/.m2/repository/org/junit/jupiter/junit-jupiter-api/5.8.2/junit-jupiter-api-5.8.2.jar:/home/zinon/.m2/repository/org/opentest4j/opentest4j/1.2.0/opentest4j-1.2.0.jar:/home/zinon/.m2/repository/org/junit/platform/junit-platform-commons/1.8.2/junit-platform-commons-1.8.2.jar:/home/zinon/.m2/repository/org/apiguardian/apiguardian-api/1.1.2/apiguardian-api-1.1.2.jar:/home/zinon/.m2/repository/org/junit/platform/junit-platform-launcher/1.6.3/junit-platform-launcher-1.6.3.jar:/home/zinon/.m2/repository/org/junit/platform/junit-platform-engine/1.6.3/junit-platform-engine-1.6.3.jar:/home/zinon/.m2/repository/org/junit/jupiter/junit-jupiter-engine/5.6.3/junit-jupiter-engine-5.6.3.jar:"/>
    <property name="sun.cpu.endian" value="little"/>
    <property name="user.home" value="/home/zinon"/>
    <property name="user.language" value="en"/>
    <property name="java.specification.vendor" value="Oracle Corporation"/>
    <property name="java.version.date" value="2021-07-20"/>
    <property name="java.home" value="/home/zinon/.sdkman/candidates/java/11.0.12-open"/>
    <property name="file.separator" value="/"/>
    <property name="basedir" value="/home/zinon/programming/wethinkcode/jeenyuhs/jeenjuhs"/>
    <property name="java.vm.compressedOopsMode" value="Zero based"/>
    <property name="line.separator" value="&#10;"/>
    <property name="java.specification.name" value="Java Platform API Specification"/>
    <property name="java.vm.specification.vendor" value="Oracle Corporation"/>
    <property name="java.awt.graphicsenv" value="sun.awt.X11GraphicsEnvironment"/>
    <property name="surefire.real.class.path" value="/home/zinon/programming/wethinkcode/jeenyuhs/jeenjuhs/target/surefire/surefirebooter2752554444505482210.jar"/>
    <property name="sun.management.compiler" value="HotSpot 64-Bit Tiered Compilers"/>
    <property name="java.runtime.version" value="11.0.12+7"/>
    <property name="user.name" value="zinon"/>
    <property name="path.separator" value=":"/>
    <property name="os.version" value="5.13.0-37-generic"/>
    <property name="java.runtime.name" value="OpenJDK Runtime Environment"/>
    <property name="file.encoding" value="UTF-8"/>
    <property name="java.vm.name" value="OpenJDK 64-Bit Server VM"/>
    <property name="java.vendor.version" value="18.9"/>
    <property name="localRepository" value="/home/zinon/.m2/repository"/>
    <property name="java.vendor.url.bug" value="https://bugreport.java.com/bugreport/"/>
    <property name="java.io.tmpdir" value="/tmp"/>
    <property name="java.version" value="11.0.12"/>
    <property name="user.dir" value="/home/zinon/programming/wethinkcode/jeenyuhs/jeenjuhs"/>
    <property name="os.arch" value="amd64"/>
    <property name="java.vm.specification.name" value="Java Virtual Machine Specification"/>
    <property name="java.awt.printerjob" value="sun.print.PSPrinterJob"/>
    <property name="sun.os.patch.level" value="unknown"/>
    <property name="java.library.path" value="/usr/java/packages/lib:/usr/lib64:/lib64:/lib:/usr/lib"/>
    <property name="java.vm.info" value="mixed mode"/>
    <property name="java.vendor" value="Oracle Corporation"/>
    <property name="java.vm.version" value="11.0.12+7"/>
    <property name="sun.io.unicode.encoding" value="UnicodeLittle"/>
    <property name="java.class.version" value="55.0"/>
  </properties>
  <testcase name="directMessagePassTest" classname="za.co.wethinkcode.jeenyuhs.acceptanceTest.websocketsTests.websocketsTests" time="10.278"/>
  <testcase name="HomeTest" classname="za.co.wethinkcode.jeenyuhs.acceptanceTest.websocketsTests.websocketsTests" time="5.013"/>
  <testcase name="directMessageErrorTest" classname="za.co.wethinkcode.jeenyuhs.acceptanceTest.websocketsTests.websocketsTests" time="5.016"/>
</testsuite>